#
# A fatal error has been detected by the Java Runtime Environment:
#
#  EXCEPTION_ACCESS_VIOLATION (0xc0000005) at pc=0x77d01dca, pid=6656, tid=6976
#
# JRE version: Java(TM) SE Runtime Environment (8.0_11-b12) (build 1.8.0_11-b12)
# Java VM: Java HotSpot(TM) Client VM (25.11-b03 mixed mode, sharing windows-x86 )
# Problematic frame:
# C  [ntdll.dll+0x31dca]
#
# Failed to write core dump. Minidumps are not enabled by default on client versions of Windows
#
# If you would like to submit a bug report, please visit:
#   http://bugreport.sun.com/bugreport/crash.jsp
# The crash happened outside the Java Virtual Machine in native code.
# See problematic frame for where to report the bug.
#

---------------  T H R E A D  ---------------

Current thread (0x01296800):  JavaThread "Timer-24" daemon [_thread_in_native, id=6976, stack(0x1a420000,0x1a470000)]

siginfo: ExceptionCode=0xc0000005, writing address 0x00000014

Registers:
EAX=0x00000000, EBX=0xfffffffc, ECX=0x00000000, EDX=0x00000004
ESP=0x1a46d884, EBP=0x1a46d8d4, ESI=0x19ea9a58, EDI=0x19ea9a5c
EIP=0x77d01dca, EFLAGS=0x00010213

Top of Stack: (sp=0x1a46d884)
0x1a46d884:   19ea9a58 19ea9a5c 19ea9a58 092d2400
0x1a46d894:   01296800 01296800 1a46d88c 1a46d890
0x1a46d8a4:   1a46e844 52dfd0fe 5faf41df fffffffe
0x1a46d8b4:   1a46d8c4 52b61714 01296800 00000000
0x1a46d8c4:   00000000 00000000 7ff86000 0000158c
0x1a46d8d4:   1a46d8fc 77d01cd9 00000000 00000000
0x1a46d8e4:   19ea9a58 1a46e040 19ea99c0 00000004
0x1a46d8f4:   00000000 00000001 1a46d948 5299a4e3 

Instructions: (pc=0x77d01dca)
0x77d01daa:   c2 8b d8 8b c1 f0 0f b1 1f 3b c1 0f 85 84 dd ff
0x77d01dba:   ff 33 c0 89 45 0c 89 45 08 8b 06 83 f8 ff 74 03
0x77d01dca:   ff 40 14 8b 5d f4 8b 7d f0 80 3d 82 03 fe 7f 00
0x77d01dda:   0f 85 60 fd 04 00 8b 45 fc 57 6a 00 83 f8 ff 0f 


Register to memory mapping:

EAX=0x00000000 is an unknown value
EBX=0xfffffffc is an unknown value
ECX=0x00000000 is an unknown value
EDX=0x00000004 is an unknown value
ESP=0x1a46d884 is pointing into the stack for thread: 0x01296800
EBP=0x1a46d8d4 is pointing into the stack for thread: 0x01296800
ESI=0x19ea9a58 is an unknown value
EDI=0x19ea9a5c is an unknown value


Stack: [0x1a420000,0x1a470000],  sp=0x1a46d884,  free space=310k
Native frames: (J=compiled Java code, j=interpreted, Vv=VM code, C=native code)
C  [ntdll.dll+0x31dca]
C  [ntdll.dll+0x31cd9]
C  [libvlccore.dll+0x8a4e3]
C  [jna2921008123633331433.dll+0xd546]
C  [jna2921008123633331433.dll+0x2e5e]
C  [jna2921008123633331433.dll+0x535e]
J 896  com.sun.jna.Native.invokePointer(JI[Ljava/lang/Object;)J (0 bytes) @ 0x01d59546 [0x01d594a0+0xa6]
J 637 C1 com.sun.jna.Function.invoke([Ljava/lang/Object;Ljava/lang/Class;Z)Ljava/lang/Object; (1149 bytes) @ 0x01cd9ff8 [0x01cd9920+0x6d8]
J 518 C1 com.sun.jna.Function.invoke(Ljava/lang/Class;[Ljava/lang/Object;Ljava/util/Map;)Ljava/lang/Object; (526 bytes) @ 0x01c8bfc4 [0x01c8bb40+0x484]
J 636 C1 com.sun.jna.Library$Handler.invoke(Ljava/lang/Object;Ljava/lang/reflect/Method;[Ljava/lang/Object;)Ljava/lang/Object; (345 bytes) @ 0x01cd7b64 [0x01cd7330+0x834]
j  com.sun.proxy.$Proxy0.libvlc_media_get_mrl(Luk/co/caprica/vlcj/binding/internal/libvlc_media_t;)Lcom/sun/jna/Pointer;+16
J 807 C1 uk.co.caprica.vlcj.player.events.MediaPlayerEventFactory.createEvent(Luk/co/caprica/vlcj/binding/internal/libvlc_event_t;I)Luk/co/caprica/vlcj/player/events/MediaPlayerEvent; (1011 bytes) @ 0x01d3119c [0x01d30aa0+0x6fc]
J 806 C1 uk.co.caprica.vlcj.player.DefaultMediaPlayer$EventCallback.callback(Luk/co/caprica/vlcj/binding/internal/libvlc_event_t;Lcom/sun/jna/Pointer;)V (49 bytes) @ 0x01d3027c [0x01d300d0+0x1ac]
J 822 C1 sun.reflect.GeneratedMethodAccessor2.invoke(Ljava/lang/Object;[Ljava/lang/Object;)Ljava/lang/Object; (76 bytes) @ 0x01d38de0 [0x01d38cf0+0xf0]
J 787 C1 sun.reflect.DelegatingMethodAccessorImpl.invoke(Ljava/lang/Object;[Ljava/lang/Object;)Ljava/lang/Object; (10 bytes) @ 0x01d2c240 [0x01d2c210+0x30]
J 788 C1 java.lang.reflect.Method.invoke(Ljava/lang/Object;[Ljava/lang/Object;)Ljava/lang/Object; (62 bytes) @ 0x01d2c4fc [0x01d2c440+0xbc]
J 598 C1 com.sun.jna.CallbackReference$DefaultCallbackProxy.invokeCallback([Ljava/lang/Object;)Ljava/lang/Object; (238 bytes) @ 0x01cb7eb0 [0x01cb7b10+0x3a0]
J 828 C1 com.sun.jna.CallbackReference$DefaultCallbackProxy.callback([Ljava/lang/Object;)Ljava/lang/Object; (22 bytes) @ 0x01d3a818 [0x01d3a7f0+0x28]
v  ~StubRoutines::call_stub
V  [jvm.dll+0x142295]
V  [jvm.dll+0x2073ae]
V  [jvm.dll+0x14232e]
V  [jvm.dll+0xcea01]
V  [jvm.dll+0xd0288]
C  [jna2921008123633331433.dll+0xa682]
C  [jna2921008123633331433.dll+0xae0e]
C  [jna2921008123633331433.dll+0xd602]
C  [jna2921008123633331433.dll+0xdd2e]

Java frames: (J=compiled Java code, j=interpreted, Vv=VM code)
J 896  com.sun.jna.Native.invokePointer(JI[Ljava/lang/Object;)J (0 bytes) @ 0x01d59502 [0x01d594a0+0x62]
J 637 C1 com.sun.jna.Function.invoke([Ljava/lang/Object;Ljava/lang/Class;Z)Ljava/lang/Object; (1149 bytes) @ 0x01cd9ff8 [0x01cd9920+0x6d8]
J 518 C1 com.sun.jna.Function.invoke(Ljava/lang/Class;[Ljava/lang/Object;Ljava/util/Map;)Ljava/lang/Object; (526 bytes) @ 0x01c8bfc4 [0x01c8bb40+0x484]
J 636 C1 com.sun.jna.Library$Handler.invoke(Ljava/lang/Object;Ljava/lang/reflect/Method;[Ljava/lang/Object;)Ljava/lang/Object; (345 bytes) @ 0x01cd7b64 [0x01cd7330+0x834]
j  com.sun.proxy.$Proxy0.libvlc_media_get_mrl(Luk/co/caprica/vlcj/binding/internal/libvlc_media_t;)Lcom/sun/jna/Pointer;+16
J 807 C1 uk.co.caprica.vlcj.player.events.MediaPlayerEventFactory.createEvent(Luk/co/caprica/vlcj/binding/internal/libvlc_event_t;I)Luk/co/caprica/vlcj/player/events/MediaPlayerEvent; (1011 bytes) @ 0x01d3119c [0x01d30aa0+0x6fc]
J 806 C1 uk.co.caprica.vlcj.player.DefaultMediaPlayer$EventCallback.callback(Luk/co/caprica/vlcj/binding/internal/libvlc_event_t;Lcom/sun/jna/Pointer;)V (49 bytes) @ 0x01d3027c [0x01d300d0+0x1ac]
J 822 C1 sun.reflect.GeneratedMethodAccessor2.invoke(Ljava/lang/Object;[Ljava/lang/Object;)Ljava/lang/Object; (76 bytes) @ 0x01d38de0 [0x01d38cf0+0xf0]
J 787 C1 sun.reflect.DelegatingMethodAccessorImpl.invoke(Ljava/lang/Object;[Ljava/lang/Object;)Ljava/lang/Object; (10 bytes) @ 0x01d2c240 [0x01d2c210+0x30]
J 788 C1 java.lang.reflect.Method.invoke(Ljava/lang/Object;[Ljava/lang/Object;)Ljava/lang/Object; (62 bytes) @ 0x01d2c4fc [0x01d2c440+0xbc]
J 598 C1 com.sun.jna.CallbackReference$DefaultCallbackProxy.invokeCallback([Ljava/lang/Object;)Ljava/lang/Object; (238 bytes) @ 0x01cb7eb0 [0x01cb7b10+0x3a0]
J 828 C1 com.sun.jna.CallbackReference$DefaultCallbackProxy.callback([Ljava/lang/Object;)Ljava/lang/Object; (22 bytes) @ 0x01d3a818 [0x01d3a7f0+0x28]
v  ~StubRoutines::call_stub
J 758  com.sun.jna.Native.invokeVoid(JI[Ljava/lang/Object;)V (0 bytes) @ 0x01d10e82 [0x01d10e20+0x62]
J 637 C1 com.sun.jna.Function.invoke([Ljava/lang/Object;Ljava/lang/Class;Z)Ljava/lang/Object; (1149 bytes) @ 0x01cdb6ac [0x01cd9920+0x1d8c]
J 518 C1 com.sun.jna.Function.invoke(Ljava/lang/Class;[Ljava/lang/Object;Ljava/util/Map;)Ljava/lang/Object; (526 bytes) @ 0x01c8bfc4 [0x01c8bb40+0x484]
J 636 C1 com.sun.jna.Library$Handler.invoke(Ljava/lang/Object;Ljava/lang/reflect/Method;[Ljava/lang/Object;)Ljava/lang/Object; (345 bytes) @ 0x01cd7b64 [0x01cd7330+0x834]
j  com.sun.proxy.$Proxy0.libvlc_media_player_set_media(Luk/co/caprica/vlcj/binding/internal/libvlc_media_player_t;Luk/co/caprica/vlcj/binding/internal/libvlc_media_t;)V+20
j  uk.co.caprica.vlcj.player.DefaultMediaPlayer.setMedia(Ljava/lang/String;[Ljava/lang/String;)Z+295
j  uk.co.caprica.vlcj.player.DefaultMediaPlayer.prepareMedia(Ljava/lang/String;[Ljava/lang/String;)Z+23
j  com.arise.weland.impl.VLCPlayer$MyStandardEmbeddedMediaPlayerComponent.preparePath(Ljava/lang/String;)V+73
j  com.arise.weland.impl.VLCPlayer$MyStandardEmbeddedMediaPlayerComponent.fetchPrepareInfo(Lcom/arise/weland/dto/ContentInfo;)V+10
j  com.arise.weland.impl.VLCPlayer$SnapshotMediaComponent.fetchPrepareInfo(Lcom/arise/weland/dto/ContentInfo;)V+2
j  com.arise.weland.impl.VLCPlayer$SnapshotMediaComponent.check()V+62
j  com.arise.weland.impl.VLCPlayer$SnapshotMediaComponent.access$100(Lcom/arise/weland/impl/VLCPlayer$SnapshotMediaComponent;)V+1
j  com.arise.weland.impl.VLCPlayer$SnapshotMediaComponent$1.run()V+128
j  com.arise.core.tools.ThreadUtil$TimerResult$1.run()V+14
j  java.util.TimerThread.mainLoop()V+221
j  java.util.TimerThread.run()V+1
v  ~StubRoutines::call_stub

---------------  P R O C E S S  ---------------

Java Threads: ( => current thread )
=>0x01296800 JavaThread "Timer-24" daemon [_thread_in_native, id=6976, stack(0x1a420000,0x1a470000)]
  0x01296400 JavaThread "Timer-23" daemon [_thread_blocked, id=5264, stack(0x1a9b0000,0x1aa00000)]
  0x01295c00 JavaThread "Timer-22" daemon [_thread_in_native, id=8744, stack(0x1abf0000,0x1ac40000)]
  0x01295400 JavaThread "Timer-21" daemon [_thread_in_native, id=8584, stack(0x1ac40000,0x1ac90000)]
  0x01295000 JavaThread "Timer-20" daemon [_thread_in_native, id=9448, stack(0x1aaf0000,0x1ab40000)]
  0x1571c400 JavaThread "Timer-19" daemon [_thread_blocked, id=6340, stack(0x1a7a0000,0x1a7f0000)]
  0x1571c000 JavaThread "Timer-18" daemon [_thread_in_native, id=9816, stack(0x1aa10000,0x1aa60000)]
  0x1571b800 JavaThread "Timer-17" daemon [_thread_blocked, id=4128, stack(0x19a60000,0x19ab0000)]
  0x1571b400 JavaThread "Timer-16" daemon [_thread_in_native, id=7476, stack(0x1a940000,0x1a990000)]
  0x1571ac00 JavaThread "Timer-15" daemon [_thread_in_native, id=9984, stack(0x1a8e0000,0x1a930000)]
  0x1571a400 JavaThread "Timer-14" daemon [_thread_blocked, id=1724, stack(0x1a3d0000,0x1a420000)]
  0x1571a000 JavaThread "Timer-13" daemon [_thread_blocked, id=8612, stack(0x1a850000,0x1a8a0000)]
  0x15719800 JavaThread "Timer-12" daemon [_thread_in_native, id=9576, stack(0x1a6f0000,0x1a740000)]
  0x15719400 JavaThread "Timer-11" daemon [_thread_in_native, id=7776, stack(0x19ad0000,0x19b20000)]
  0x15718c00 JavaThread "Timer-10" daemon [_thread_blocked, id=5448, stack(0x19600000,0x19650000)]
  0x15718800 JavaThread "Timer-9" daemon [_thread_blocked, id=6300, stack(0x1c280000,0x1c2d0000)]
  0x15718000 JavaThread "Timer-8" daemon [_thread_blocked, id=9592, stack(0x192d0000,0x19320000)]
  0x15717800 JavaThread "Timer-7" daemon [_thread_blocked, id=7088, stack(0x19b90000,0x19be0000)]
  0x15717400 JavaThread "Timer-6" daemon [_thread_blocked, id=5664, stack(0x19bf0000,0x19c40000)]
  0x15716c00 JavaThread "Timer-5" daemon [_thread_blocked, id=5316, stack(0x19b40000,0x19b90000)]
  0x15716800 JavaThread "Timer-4" daemon [_thread_blocked, id=1472, stack(0x197c0000,0x19810000)]
  0x15716000 JavaThread "Timer-3" daemon [_thread_blocked, id=1300, stack(0x199a0000,0x199f0000)]
  0x15715c00 JavaThread "Timer-2" daemon [_thread_blocked, id=10060, stack(0x19920000,0x19970000)]
  0x15715400 JavaThread "Timer-1" daemon [_thread_in_native, id=5544, stack(0x19a10000,0x19a60000)]
  0x15714c00 JavaThread "Timer-0" daemon [_thread_in_native, id=7332, stack(0x198b0000,0x19900000)]
  0x15712000 JavaThread "pool-2-thread-1" [_thread_blocked, id=8016, stack(0x193c0000,0x19410000)]
  0x156d1000 JavaThread "Swing-Shell" daemon [_thread_blocked, id=9712, stack(0x19270000,0x192c0000)]
  0x0185cc00 JavaThread "DestroyJavaVM" [_thread_blocked, id=10136, stack(0x002a0000,0x002f0000)]
  0x156b3800 JavaThread "FireAndForget07c8f941-ef60-4eaa-b0b4-971d6552edeb-1580452744016" [_thread_in_native, id=8288, stack(0x19150000,0x191a0000)]
  0x15696000 JavaThread "FireAndForget74110251-99e7-4a25-800a-80deebf04617-1580452743977" [_thread_in_native, id=9308, stack(0x191e0000,0x19230000)]
  0x15667c00 JavaThread "D3D Screen Updater" daemon [_thread_blocked, id=8556, stack(0x15cb0000,0x15d00000)]
  0x1568a800 JavaThread "AWT-EventQueue-0" [_thread_blocked, id=9228, stack(0x184a0000,0x184f0000)]
  0x150bf000 JavaThread "AWT-Windows" daemon [_thread_in_native, id=9184, stack(0x14e20000,0x14e70000)]
  0x150be400 JavaThread "AWT-Shutdown" [_thread_blocked, id=8328, stack(0x15570000,0x155c0000)]
  0x150bdc00 JavaThread "Java2D Disposer" daemon [_thread_blocked, id=9732, stack(0x15390000,0x153e0000)]
  0x14f25c00 JavaThread "Monitor Ctrl-Break" daemon [_thread_in_native, id=6240, stack(0x03bb0000,0x03c00000)]
  0x01223c00 JavaThread "Service Thread" daemon [_thread_blocked, id=1088, stack(0x14dd0000,0x14e20000)]
  0x0120d000 JavaThread "C1 CompilerThread0" daemon [_thread_blocked, id=3856, stack(0x147b0000,0x14800000)]
  0x0120c000 JavaThread "Attach Listener" daemon [_thread_blocked, id=8384, stack(0x14700000,0x14750000)]
  0x01209000 JavaThread "Signal Dispatcher" daemon [_thread_blocked, id=9264, stack(0x14d60000,0x14db0000)]
  0x011f8000 JavaThread "Finalizer" daemon [_thread_blocked, id=7316, stack(0x14610000,0x14660000)]
  0x011f2c00 JavaThread "Reference Handler" daemon [_thread_blocked, id=8624, stack(0x14690000,0x146e0000)]

Other Threads:
  0x011f0800 VMThread [stack: 0x017d0000,0x01820000] [id=10180]
  0x01225000 WatcherThread [stack: 0x14e70000,0x14ec0000] [id=7912]

VM state:not at safepoint (normal execution)

VM Mutex/Monitor currently owned by a thread: None

Heap:
 def new generation   total 8832K, used 2754K [0x03c00000, 0x04590000, 0x09150000)
  eden space 7872K,  29% used [0x03c00000, 0x03e498d8, 0x043b0000)
  from space 960K,  42% used [0x044a0000, 0x045071e8, 0x04590000)
  to   space 960K,   0% used [0x043b0000, 0x043b0000, 0x044a0000)
 tenured generation   total 19432K, used 13407K [0x09150000, 0x0a44a000, 0x13c00000)
   the space 19432K,  68% used [0x09150000, 0x09e67c90, 0x09e67e00, 0x0a44a000)
 Metaspace       used 3289K, capacity 3634K, committed 3648K, reserved 4480K

Card table byte_map: [0x01690000,0x01720000] byte_map_base: 0x01672000

Polling page: 0x00200000

CodeCache: size=32768Kb used=2528Kb max_used=2528Kb free=30239Kb
 bounds [0x01b30000, 0x01db0000, 0x03b30000]
 total_blobs=1364 nmethods=1125 adapters=170
 compilation: enabled

Compilation events (10 events):
Event: 53.208 Thread 0x0120d000 1123             java.io.ExpiringCache$1::removeEldestEntry (20 bytes)
Event: 53.208 Thread 0x0120d000 nmethod 1123 0x01da73c8 code [0x01da74c0, 0x01da7560]
Event: 53.209 Thread 0x0120d000 1124             java.io.OutputStreamWriter::write (11 bytes)
Event: 53.209 Thread 0x0120d000 nmethod 1124 0x01da7608 code [0x01da7710, 0x01da77bc]
Event: 53.209 Thread 0x0120d000 1125             java.io.OutputStreamWriter::flushBuffer (8 bytes)
Event: 53.209 Thread 0x0120d000 nmethod 1125 0x01da7848 code [0x01da7950, 0x01da79ec]
Event: 53.209 Thread 0x0120d000 1126  s          java.io.BufferedOutputStream::write (67 bytes)
Event: 53.210 Thread 0x0120d000 nmethod 1126 0x01da7a88 code [0x01da7bc0, 0x01da7f60]
Event: 53.217 Thread 0x0120d000 1127             com.arise.weland.dto.ContentInfo::getPath (5 bytes)
Event: 53.217 Thread 0x0120d000 nmethod 1127 0x01da80c8 code [0x01da81c0, 0x01da8240]

GC Heap History (10 events):
Event: 50.860 GC heap before
{Heap before GC invocations=149 (full 3):
 def new generation   total 8832K, used 8281K [0x03c00000, 0x04590000, 0x09150000)
  eden space 7872K, 100% used [0x03c00000, 0x043b0000, 0x043b0000)
  from space 960K,  42% used [0x043b0000, 0x044165f8, 0x044a0000)
  to   space 960K,   0% used [0x044a0000, 0x044a0000, 0x04590000)
 tenured generation   total 19432K, used 13352K [0x09150000, 0x0a44a000, 0x13c00000)
   the space 19432K,  68% used [0x09150000, 0x09e5a338, 0x09e5a400, 0x0a44a000)
 Metaspace       used 3289K, capacity 3634K, committed 3648K, reserved 4480K
Event: 50.862 GC heap after
Heap after GC invocations=150 (full 3):
 def new generation   total 8832K, used 388K [0x03c00000, 0x04590000, 0x09150000)
  eden space 7872K,   0% used [0x03c00000, 0x03c00000, 0x043b0000)
  from space 960K,  40% used [0x044a0000, 0x045013f0, 0x04590000)
  to   space 960K,   0% used [0x043b0000, 0x043b0000, 0x044a0000)
 tenured generation   total 19432K, used 13365K [0x09150000, 0x0a44a000, 0x13c00000)
   the space 19432K,  68% used [0x09150000, 0x09e5d7b8, 0x09e5d800, 0x0a44a000)
 Metaspace       used 3289K, capacity 3634K, committed 3648K, reserved 4480K
}
Event: 51.545 GC heap before
{Heap before GC invocations=150 (full 3):
 def new generation   total 8832K, used 8260K [0x03c00000, 0x04590000, 0x09150000)
  eden space 7872K, 100% used [0x03c00000, 0x043b0000, 0x043b0000)
  from space 960K,  40% used [0x044a0000, 0x045013f0, 0x04590000)
  to   space 960K,   0% used [0x043b0000, 0x043b0000, 0x044a0000)
 tenured generation   total 19432K, used 13365K [0x09150000, 0x0a44a000, 0x13c00000)
   the space 19432K,  68% used [0x09150000, 0x09e5d7b8, 0x09e5d800, 0x0a44a000)
 Metaspace       used 3289K, capacity 3634K, committed 3648K, reserved 4480K
Event: 51.547 GC heap after
Heap after GC invocations=151 (full 3):
 def new generation   total 8832K, used 380K [0x03c00000, 0x04590000, 0x09150000)
  eden space 7872K,   0% used [0x03c00000, 0x03c00000, 0x043b0000)
  from space 960K,  39% used [0x043b0000, 0x0440f0b8, 0x044a0000)
  to   space 960K,   0% used [0x044a0000, 0x044a0000, 0x04590000)
 tenured generation   total 19432K, used 13378K [0x09150000, 0x0a44a000, 0x13c00000)
   the space 19432K,  68% used [0x09150000, 0x09e60af8, 0x09e60c00, 0x0a44a000)
 Metaspace       used 3289K, capacity 3634K, committed 3648K, reserved 4480K
}
Event: 52.970 GC heap before
{Heap before GC invocations=151 (full 3):
 def new generation   total 8832K, used 8252K [0x03c00000, 0x04590000, 0x09150000)
  eden space 7872K, 100% used [0x03c00000, 0x043b0000, 0x043b0000)
  from space 960K,  39% used [0x043b0000, 0x0440f0b8, 0x044a0000)
  to   space 960K,   0% used [0x044a0000, 0x044a0000, 0x04590000)
 tenured generation   total 19432K, used 13378K [0x09150000, 0x0a44a000, 0x13c00000)
   the space 19432K,  68% used [0x09150000, 0x09e60af8, 0x09e60c00, 0x0a44a000)
 Metaspace       used 3289K, capacity 3634K, committed 3648K, reserved 4480K
Event: 52.972 GC heap after
Heap after GC invocations=152 (full 3):
 def new generation   total 8832K, used 383K [0x03c00000, 0x04590000, 0x09150000)
  eden space 7872K,   0% used [0x03c00000, 0x03c00000, 0x043b0000)
  from space 960K,  39% used [0x044a0000, 0x044fffe8, 0x04590000)
  to   space 960K,   0% used [0x043b0000, 0x043b0000, 0x044a0000)
 tenured generation   total 19432K, used 13385K [0x09150000, 0x0a44a000, 0x13c00000)
   the space 19432K,  68% used [0x09150000, 0x09e625a8, 0x09e62600, 0x0a44a000)
 Metaspace       used 3289K, capacity 3634K, committed 3648K, reserved 4480K
}
Event: 53.069 GC heap before
{Heap before GC invocations=152 (full 3):
 def new generation   total 8832K, used 8255K [0x03c00000, 0x04590000, 0x09150000)
  eden space 7872K, 100% used [0x03c00000, 0x043b0000, 0x043b0000)
  from space 960K,  39% used [0x044a0000, 0x044fffe8, 0x04590000)
  to   space 960K,   0% used [0x043b0000, 0x043b0000, 0x044a0000)
 tenured generation   total 19432K, used 13385K [0x09150000, 0x0a44a000, 0x13c00000)
   the space 19432K,  68% used [0x09150000, 0x09e625a8, 0x09e62600, 0x0a44a000)
 Metaspace       used 3289K, capacity 3634K, committed 3648K, reserved 4480K
Event: 53.072 GC heap after
Heap after GC invocations=153 (full 3):
 def new generation   total 8832K, used 401K [0x03c00000, 0x04590000, 0x09150000)
  eden space 7872K,   0% used [0x03c00000, 0x03c00000, 0x043b0000)
  from space 960K,  41% used [0x043b0000, 0x04414400, 0x044a0000)
  to   space 960K,   0% used [0x044a0000, 0x044a0000, 0x04590000)
 tenured generation   total 19432K, used 13401K [0x09150000, 0x0a44a000, 0x13c00000)
   the space 19432K,  68% used [0x09150000, 0x09e66450, 0x09e66600, 0x0a44a000)
 Metaspace       used 3289K, capacity 3634K, committed 3648K, reserved 4480K
}
Event: 53.179 GC heap before
{Heap before GC invocations=153 (full 3):
 def new generation   total 8832K, used 8273K [0x03c00000, 0x04590000, 0x09150000)
  eden space 7872K, 100% used [0x03c00000, 0x043b0000, 0x043b0000)
  from space 960K,  41% used [0x043b0000, 0x04414400, 0x044a0000)
  to   space 960K,   0% used [0x044a0000, 0x044a0000, 0x04590000)
 tenured generation   total 19432K, used 13401K [0x09150000, 0x0a44a000, 0x13c00000)
   the space 19432K,  68% used [0x09150000, 0x09e66450, 0x09e66600, 0x0a44a000)
 Metaspace       used 3289K, capacity 3634K, committed 3648K, reserved 4480K
Event: 53.181 GC heap after
Heap after GC invocations=154 (full 3):
 def new generation   total 8832K, used 412K [0x03c00000, 0x04590000, 0x09150000)
  eden space 7872K,   0% used [0x03c00000, 0x03c00000, 0x043b0000)
  from space 960K,  42% used [0x044a0000, 0x045071e8, 0x04590000)
  to   space 960K,   0% used [0x043b0000, 0x043b0000, 0x044a0000)
 tenured generation   total 19432K, used 13407K [0x09150000, 0x0a44a000, 0x13c00000)
   the space 19432K,  68% used [0x09150000, 0x09e67c90, 0x09e67e00, 0x0a44a000)
 Metaspace       used 3289K, capacity 3634K, committed 3648K, reserved 4480K
}

Deoptimization events (0 events):
No events

Internal exceptions (10 events):
Event: 53.207 Thread 0x15696000 Exception <a 'java/security/PrivilegedActionException'> (0x03d3e8f0) thrown at [D:\re\puppet\workspace\8-2-build-windows-i586-cygwin\jdk8u11\648\hotspot\src\share\vm\prims\jvm.cpp, line 1248]
Event: 53.207 Thread 0x15696000 Exception <a 'java/security/PrivilegedActionException'> (0x03d40280) thrown at [D:\re\puppet\workspace\8-2-build-windows-i586-cygwin\jdk8u11\648\hotspot\src\share\vm\prims\jvm.cpp, line 1248]
Event: 53.209 Thread 0x15696000 Exception <a 'java/security/PrivilegedActionException'> (0x03d43268) thrown at [D:\re\puppet\workspace\8-2-build-windows-i586-cygwin\jdk8u11\648\hotspot\src\share\vm\prims\jvm.cpp, line 1248]
Event: 53.209 Thread 0x15696000 Exception <a 'java/security/PrivilegedActionException'> (0x03dad8f0) thrown at [D:\re\puppet\workspace\8-2-build-windows-i586-cygwin\jdk8u11\648\hotspot\src\share\vm\prims\jvm.cpp, line 1248]
Event: 53.212 Thread 0x15696000 Exception <a 'java/security/PrivilegedActionException'> (0x03dc8958) thrown at [D:\re\puppet\workspace\8-2-build-windows-i586-cygwin\jdk8u11\648\hotspot\src\share\vm\prims\jvm.cpp, line 1248]
Event: 53.213 Thread 0x15696000 Exception <a 'java/security/PrivilegedActionException'> (0x03dca2e8) thrown at [D:\re\puppet\workspace\8-2-build-windows-i586-cygwin\jdk8u11\648\hotspot\src\share\vm\prims\jvm.cpp, line 1248]
Event: 53.214 Thread 0x15696000 Exception <a 'java/security/PrivilegedActionException'> (0x03dcd290) thrown at [D:\re\puppet\workspace\8-2-build-windows-i586-cygwin\jdk8u11\648\hotspot\src\share\vm\prims\jvm.cpp, line 1248]
Event: 53.214 Thread 0x15696000 Exception <a 'java/security/PrivilegedActionException'> (0x03dcec20) thrown at [D:\re\puppet\workspace\8-2-build-windows-i586-cygwin\jdk8u11\648\hotspot\src\share\vm\prims\jvm.cpp, line 1248]
Event: 53.217 Thread 0x15696000 Exception <a 'java/security/PrivilegedActionException'> (0x03e03050) thrown at [D:\re\puppet\workspace\8-2-build-windows-i586-cygwin\jdk8u11\648\hotspot\src\share\vm\prims\jvm.cpp, line 1248]
Event: 53.217 Thread 0x15696000 Exception <a 'java/security/PrivilegedActionException'> (0x03e049e0) thrown at [D:\re\puppet\workspace\8-2-build-windows-i586-cygwin\jdk8u11\648\hotspot\src\share\vm\prims\jvm.cpp, line 1248]

Events (10 events):
Event: 53.212 Thread 0x14f15400 Thread added: 0x14f15400
Event: 53.212 loading class android/os/Environment
Event: 53.212 loading class android/os/Environment done
Event: 53.212 Thread 0x14f15400 Thread exited: 0x14f15400
Event: 53.214 loading class android/os/Environment
Event: 53.214 loading class android/os/Environment done
Event: 53.215 Thread 0x14f15400 Thread added: 0x14f15400
Event: 53.216 Thread 0x14f15400 Thread exited: 0x14f15400
Event: 53.217 loading class android/os/Environment
Event: 53.217 loading class android/os/Environment done


Dynamic libraries:
0x01180000 - 0x011b0000 	C:\Program Files\Java\jdk1.8.0_11\bin\java.exe
0x77cd0000 - 0x77e12000 	C:\Windows\SYSTEM32\ntdll.dll
0x77840000 - 0x77915000 	C:\Windows\system32\kernel32.dll
0x75cd0000 - 0x75d1b000 	C:\Windows\system32\KERNELBASE.dll
0x77440000 - 0x774e1000 	C:\Windows\system32\ADVAPI32.dll
0x761e0000 - 0x7628c000 	C:\Windows\system32\msvcrt.dll
0x761c0000 - 0x761d9000 	C:\Windows\SYSTEM32\sechost.dll
0x771e0000 - 0x77282000 	C:\Windows\system32\RPCRT4.dll
0x762e0000 - 0x763a9000 	C:\Windows\system32\USER32.dll
0x77290000 - 0x772de000 	C:\Windows\system32\GDI32.dll
0x77e30000 - 0x77e3a000 	C:\Windows\system32\LPK.dll
0x774f0000 - 0x7758d000 	C:\Windows\system32\USP10.dll
0x75020000 - 0x751be000 	C:\Windows\WinSxS\x86_microsoft.windows.common-controls_6595b64144ccf1df_6.0.7601.18837_none_41e855142bd5705d\COMCTL32.dll
0x75f80000 - 0x75fd7000 	C:\Windows\system32\SHLWAPI.dll
0x75f00000 - 0x75f1f000 	C:\Windows\system32\IMM32.DLL
0x77c00000 - 0x77ccd000 	C:\Windows\system32\MSCTF.dll
0x53660000 - 0x5371f000 	C:\Program Files\Java\jdk1.8.0_11\jre\bin\msvcr100.dll
0x52b60000 - 0x52ef7000 	C:\Program Files\Java\jdk1.8.0_11\jre\bin\client\jvm.dll
0x6cd70000 - 0x6cd77000 	C:\Windows\system32\WSOCK32.dll
0x75fe0000 - 0x76015000 	C:\Windows\system32\WS2_32.dll
0x77ef0000 - 0x77ef6000 	C:\Windows\system32\NSI.dll
0x73780000 - 0x737b2000 	C:\Windows\system32\WINMM.dll
0x77f10000 - 0x77f15000 	C:\Windows\system32\PSAPI.DLL
0x737f0000 - 0x737fc000 	C:\Program Files\Java\jdk1.8.0_11\jre\bin\verify.dll
0x6ca80000 - 0x6caa1000 	C:\Program Files\Java\jdk1.8.0_11\jre\bin\java.dll
0x6ca10000 - 0x6ca23000 	C:\Program Files\Java\jdk1.8.0_11\jre\bin\zip.dll
0x76500000 - 0x7714c000 	C:\Windows\system32\SHELL32.dll
0x772e0000 - 0x7743d000 	C:\Windows\system32\ole32.dll
0x75bf0000 - 0x75bfb000 	C:\Windows\system32\profapi.dll
0x01300000 - 0x01307000 	C:\Program Files\JetBrains\IntelliJ IDEA Community Edition 14.1.7\bin\breakgen.dll
0x6cbe0000 - 0x6cbf4000 	C:\Program Files\Java\jdk1.8.0_11\jre\bin\net.dll
0x75530000 - 0x7556c000 	C:\Windows\system32\mswsock.dll
0x75520000 - 0x75526000 	C:\Windows\System32\wship6.dll
0x69f50000 - 0x69f70000 	C:\Program Files\Java\jdk1.8.0_11\jre\bin\sunec.dll
0x75570000 - 0x75587000 	C:\Windows\system32\CRYPTSP.dll
0x75300000 - 0x7533b000 	C:\Windows\system32\rsaenh.dll
0x75db0000 - 0x75dc7000 	C:\Windows\system32\USERENV.dll
0x75b00000 - 0x75b0c000 	C:\Windows\system32\CRYPTBASE.dll
0x73760000 - 0x7377c000 	C:\Windows\system32\IPHLPAPI.DLL
0x73750000 - 0x73757000 	C:\Windows\system32\WINNSI.DLL
0x733e0000 - 0x733f2000 	C:\Windows\system32\dhcpcsvc.DLL
0x733d0000 - 0x733dd000 	C:\Windows\system32\dhcpcsvc6.DLL
0x705d0000 - 0x705df000 	C:\Program Files\Java\jdk1.8.0_11\jre\bin\nio.dll
0x01780000 - 0x017bd000 	C:\Users\Alexandru\AppData\Local\Temp\jna-Alexandru\jna2921008123633331433.dll
0x69f20000 - 0x69f44000 	C:\Users\Alexandru\arise-app\dpmngmt\out\vlc_2_1_0_win32\vlc-2.1.0\libvlc.dll
0x52910000 - 0x52b55000 	C:\Users\Alexandru\arise-app\dpmngmt\out\vlc_2_1_0_win32\vlc-2.1.0\libvlccore.dll
0x53510000 - 0x53655000 	C:\Program Files\Java\jdk1.8.0_11\jre\bin\awt.dll
0x77920000 - 0x779b1000 	C:\Windows\system32\OLEAUT32.dll
0x740a0000 - 0x740b3000 	C:\Windows\system32\DWMAPI.DLL
0x744a0000 - 0x744e0000 	C:\Windows\system32\uxtheme.dll
0x71670000 - 0x71833000 	C:\Windows\system32\d3d9.dll
0x74d60000 - 0x74d69000 	C:\Windows\system32\VERSION.dll
0x724f0000 - 0x724f6000 	C:\Windows\system32\d3d8thk.dll
0x15d90000 - 0x16ce3000 	C:\Windows\system32\igdumdim32.dll
0x54270000 - 0x545ed000 	C:\Windows\system32\igdusc32.dll
0x539b0000 - 0x539f3000 	C:\Users\Alexandru\arise-app\dpmngmt\out\vlc_2_1_0_win32\vlc-2.1.0\plugins\access\libdshow_plugin.dll
0x6ae00000 - 0x6ae14000 	C:\Users\Alexandru\arise-app\dpmngmt\out\vlc_2_1_0_win32\vlc-2.1.0\plugins\audio_output\libdirectsound_plugin.dll
0x69e90000 - 0x69ea5000 	C:\Users\Alexandru\arise-app\dpmngmt\out\vlc_2_1_0_win32\vlc-2.1.0\plugins\audio_output\libwaveout_plugin.dll
0x5eb60000 - 0x5eb7b000 	C:\Users\Alexandru\arise-app\dpmngmt\out\vlc_2_1_0_win32\vlc-2.1.0\plugins\video_output\libdirectdraw_plugin.dll
0x55b00000 - 0x55b39000 	C:\Program Files\Java\jdk1.8.0_11\jre\bin\fontmanager.dll
0x14750000 - 0x14775000 	C:\Users\Alexandru\AppData\Local\Temp\bluecove_Alexandru_0\intelbth.dll
0x727d0000 - 0x72854000 	C:\Windows\WinSxS\x86_microsoft.windows.common-controls_6595b64144ccf1df_5.82.7601.18837_none_ec86b8d6858ec0bc\comctl32.dll
0x76020000 - 0x761bd000 	C:\Windows\system32\SETUPAPI.dll
0x75c00000 - 0x75c27000 	C:\Windows\system32\CFGMGR32.dll
0x75d60000 - 0x75d72000 	C:\Windows\system32\DEVOBJ.dll
0x77150000 - 0x771d3000 	C:\Windows\system32\CLBCatQ.DLL
0x744e0000 - 0x745d5000 	C:\Windows\system32\propsys.dll
0x73980000 - 0x739a1000 	C:\Windows\system32\ntmarta.dll
0x76290000 - 0x762d5000 	C:\Windows\system32\WLDAP32.dll
0x75ab0000 - 0x75afc000 	C:\Windows\system32\apphelp.dll
0x6ce60000 - 0x6cff8000 	C:\Windows\system32\NetworkExplorer.dll
0x73e40000 - 0x73f71000 	C:\Windows\system32\WindowsCodecs.dll
0x70e00000 - 0x70e54000 	C:\Program Files\Dropbox\Client\DropboxExt.27.0.dll
0x71010000 - 0x71013000 	C:\Windows\system32\api-ms-win-core-synch-l1-2-0.DLL
0x748c0000 - 0x748d6000 	C:\Windows\system32\thumbcache.dll
0x74860000 - 0x748b2000 	C:\Windows\system32\PhotoMetadataHandler.dll
0x74740000 - 0x747cf000 	C:\Program Files\Google\Drive\googledrivesync32.dll
0x747d0000 - 0x7485e000 	C:\Windows\WinSxS\x86_microsoft.vc90.crt_1fc8b3b9a1e18e3b_9.0.30729.6161_none_50934f2ebcb7eb57\MSVCP90.dll
0x735f0000 - 0x73693000 	C:\Windows\WinSxS\x86_microsoft.vc90.crt_1fc8b3b9a1e18e3b_9.0.30729.6161_none_50934f2ebcb7eb57\MSVCR90.dll
0x55ad0000 - 0x55b00000 	C:\Program Files\Java\jdk1.8.0_11\jre\bin\t2k.dll
0x53790000 - 0x537b5000 	C:\Program Files\Java\jdk1.8.0_11\jre\bin\jpeg.dll
0x6e2e0000 - 0x6e352000 	C:\Windows\system32\DSOUND.DLL
0x74110000 - 0x74135000 	C:\Windows\system32\POWRPROF.dll
0x740d0000 - 0x74109000 	C:\Windows\System32\MMDevApi.dll
0x528b0000 - 0x52901000 	C:\Users\Alexandru\arise-app\dpmngmt\out\vlc_2_1_0_win32\vlc-2.1.0\plugins\lua\liblua_plugin.dll
0x5eb40000 - 0x5eb51000 	C:\Users\Alexandru\arise-app\dpmngmt\out\vlc_2_1_0_win32\vlc-2.1.0\plugins\meta_engine\libfolder_plugin.dll
0x55ab0000 - 0x55aca000 	C:\Users\Alexandru\arise-app\dpmngmt\out\vlc_2_1_0_win32\vlc-2.1.0\plugins\access\libaccess_vdr_plugin.dll
0x53770000 - 0x53783000 	C:\Users\Alexandru\arise-app\dpmngmt\out\vlc_2_1_0_win32\vlc-2.1.0\plugins\access\libfilesystem_plugin.dll
0x53750000 - 0x53767000 	C:\Users\Alexandru\arise-app\dpmngmt\out\vlc_2_1_0_win32\vlc-2.1.0\plugins\stream_filter\libsmooth_plugin.dll
0x52830000 - 0x528ab000 	C:\Users\Alexandru\arise-app\dpmngmt\out\vlc_2_1_0_win32\vlc-2.1.0\plugins\stream_filter\libhttplive_plugin.dll
0x52770000 - 0x52827000 	C:\Users\Alexandru\arise-app\dpmngmt\out\vlc_2_1_0_win32\vlc-2.1.0\plugins\stream_filter\libdash_plugin.dll
0x52740000 - 0x52764000 	C:\Users\Alexandru\arise-app\dpmngmt\out\vlc_2_1_0_win32\vlc-2.1.0\plugins\access\libzip_plugin.dll
0x52720000 - 0x52732000 	C:\Users\Alexandru\arise-app\dpmngmt\out\vlc_2_1_0_win32\vlc-2.1.0\plugins\access\libstream_filter_rar_plugin.dll
0x526e0000 - 0x52718000 	C:\Users\Alexandru\arise-app\dpmngmt\out\vlc_2_1_0_win32\vlc-2.1.0\plugins\demux\libmp4_plugin.dll
0x526c0000 - 0x526de000 	C:\Users\Alexandru\arise-app\dpmngmt\out\vlc_2_1_0_win32\vlc-2.1.0\plugins\demux\libavi_plugin.dll
0x51370000 - 0x514d0000 	C:\Users\Alexandru\arise-app\dpmngmt\out\vlc_2_1_0_win32\vlc-2.1.0\plugins\meta_engine\libtaglib_plugin.dll
0x526a0000 - 0x526b4000 	C:\Users\Alexandru\arise-app\dpmngmt\out\vlc_2_1_0_win32\vlc-2.1.0\plugins\demux\libes_plugin.dll
0x52640000 - 0x5269e000 	C:\Users\Alexandru\arise-app\dpmngmt\out\vlc_2_1_0_win32\vlc-2.1.0\plugins\codec\libtheora_plugin.dll
0x52620000 - 0x52632000 	C:\Users\Alexandru\arise-app\dpmngmt\out\vlc_2_1_0_win32\vlc-2.1.0\plugins\codec\librawvideo_plugin.dll
0x525f0000 - 0x5261b000 	C:\Users\Alexandru\arise-app\dpmngmt\out\vlc_2_1_0_win32\vlc-2.1.0\plugins\codec\libspeex_plugin.dll
0x50a40000 - 0x50bed000 	C:\Users\Alexandru\arise-app\dpmngmt\out\vlc_2_1_0_win32\vlc-2.1.0\plugins\codec\libvorbis_plugin.dll
0x525d0000 - 0x525e1000 	C:\Users\Alexandru\arise-app\dpmngmt\out\vlc_2_1_0_win32\vlc-2.1.0\plugins\codec\libaes3_plugin.dll
0x525b0000 - 0x525c3000 	C:\Users\Alexandru\arise-app\dpmngmt\out\vlc_2_1_0_win32\vlc-2.1.0\plugins\codec\liblpcm_plugin.dll
0x51f00000 - 0x51f13000 	C:\Users\Alexandru\arise-app\dpmngmt\out\vlc_2_1_0_win32\vlc-2.1.0\plugins\packetizer\libpacketizer_flac_plugin.dll
0x51ee0000 - 0x51ef4000 	C:\Users\Alexandru\arise-app\dpmngmt\out\vlc_2_1_0_win32\vlc-2.1.0\plugins\packetizer\libpacketizer_dirac_plugin.dll
0x51ec0000 - 0x51ed3000 	C:\Users\Alexandru\arise-app\dpmngmt\out\vlc_2_1_0_win32\vlc-2.1.0\plugins\packetizer\libpacketizer_mlp_plugin.dll
0x51ea0000 - 0x51eb8000 	C:\Users\Alexandru\arise-app\dpmngmt\out\vlc_2_1_0_win32\vlc-2.1.0\plugins\packetizer\libpacketizer_mpeg4audio_plugin.dll
0x51e80000 - 0x51e96000 	C:\Users\Alexandru\arise-app\dpmngmt\out\vlc_2_1_0_win32\vlc-2.1.0\plugins\packetizer\libpacketizer_vc1_plugin.dll
0x51e60000 - 0x51e72000 	C:\Users\Alexandru\arise-app\dpmngmt\out\vlc_2_1_0_win32\vlc-2.1.0\plugins\codec\libsvcdsub_plugin.dll
0x51e40000 - 0x51e52000 	C:\Users\Alexandru\arise-app\dpmngmt\out\vlc_2_1_0_win32\vlc-2.1.0\plugins\codec\libspudec_plugin.dll
0x51610000 - 0x51624000 	C:\Users\Alexandru\arise-app\dpmngmt\out\vlc_2_1_0_win32\vlc-2.1.0\plugins\packetizer\libpacketizer_mpeg4video_plugin.dll
0x515f0000 - 0x51604000 	C:\Users\Alexandru\arise-app\dpmngmt\out\vlc_2_1_0_win32\vlc-2.1.0\plugins\packetizer\libpacketizer_mpegvideo_plugin.dll
0x515d0000 - 0x515e2000 	C:\Users\Alexandru\arise-app\dpmngmt\out\vlc_2_1_0_win32\vlc-2.1.0\plugins\codec\libcvdsub_plugin.dll
0x515b0000 - 0x515cd000 	C:\Users\Alexandru\arise-app\dpmngmt\out\vlc_2_1_0_win32\vlc-2.1.0\plugins\packetizer\libpacketizer_h264_plugin.dll
0x51590000 - 0x515a2000 	C:\Users\Alexandru\arise-app\dpmngmt\out\vlc_2_1_0_win32\vlc-2.1.0\plugins\codec\libmpeg_audio_plugin.dll
0x6cbd0000 - 0x6cbd6000 	C:\Program Files\Java\jdk1.8.0_11\jre\bin\jawt.dll
0x50840000 - 0x50a38000 	C:\Users\Alexandru\arise-app\dpmngmt\out\vlc_2_1_0_win32\vlc-2.1.0\plugins\access\liblibbluray_plugin.dll
0x6c9f0000 - 0x6ca10000 	C:\Users\Alexandru\arise-app\dpmngmt\out\vlc_2_1_0_win32\vlc-2.1.0\plugins\access\libaccess_bd_plugin.dll
0x51540000 - 0x51587000 	C:\Users\Alexandru\arise-app\dpmngmt\out\vlc_2_1_0_win32\vlc-2.1.0\plugins\access\libdvdnav_plugin.dll
0x514f0000 - 0x5153f000 	C:\Users\Alexandru\arise-app\dpmngmt\out\vlc_2_1_0_win32\vlc-2.1.0\plugins\codec\libpng_plugin.dll
0x514d0000 - 0x514e2000 	C:\Users\Alexandru\arise-app\dpmngmt\out\vlc_2_1_0_win32\vlc-2.1.0\plugins\codec\libcdg_plugin.dll
0x506f0000 - 0x50835000 	C:\Users\Alexandru\arise-app\dpmngmt\out\vlc_2_1_0_win32\vlc-2.1.0\plugins\codec\libschroedinger_plugin.dll
0x51350000 - 0x51362000 	C:\Users\Alexandru\arise-app\dpmngmt\out\vlc_2_1_0_win32\vlc-2.1.0\plugins\codec\libdts_plugin.dll
0x512f0000 - 0x5134f000 	C:\Users\Alexandru\arise-app\dpmngmt\out\vlc_2_1_0_win32\vlc-2.1.0\plugins\codec\libfaad_plugin.dll
0x512b0000 - 0x512eb000 	C:\Users\Alexandru\arise-app\dpmngmt\out\vlc_2_1_0_win32\vlc-2.1.0\plugins\codec\libflac_plugin.dll
0x51290000 - 0x512a4000 	C:\Users\Alexandru\arise-app\dpmngmt\out\vlc_2_1_0_win32\vlc-2.1.0\plugins\codec\libg711_plugin.dll
0x50590000 - 0x506ea000 	C:\Users\Alexandru\arise-app\dpmngmt\out\vlc_2_1_0_win32\vlc-2.1.0\plugins\codec\liblibass_plugin.dll
0x51270000 - 0x51284000 	C:\Users\Alexandru\arise-app\dpmngmt\out\vlc_2_1_0_win32\vlc-2.1.0\plugins\codec\libaraw_plugin.dll

VM Arguments:
jvm_args: -Djava.library.path=D:\__aa_projects\arise\libs\bluecove-2.1.0.jar -Didea.launcher.port=7535 -Didea.launcher.bin.path=C:\Program Files\JetBrains\IntelliJ IDEA Community Edition 14.1.7\bin -Dfile.encoding=windows-1252 
java_command: com.intellij.rt.execution.application.AppMain com.arise.weland.Main
java_class_path (initial): C:\Program Files\Java\jdk1.8.0_11\jre\lib\charsets.jar;C:\Program Files\Java\jdk1.8.0_11\jre\lib\deploy.jar;C:\Program Files\Java\jdk1.8.0_11\jre\lib\javaws.jar;C:\Program Files\Java\jdk1.8.0_11\jre\lib\jce.jar;C:\Program Files\Java\jdk1.8.0_11\jre\lib\jfr.jar;C:\Program Files\Java\jdk1.8.0_11\jre\lib\jfxswt.jar;C:\Program Files\Java\jdk1.8.0_11\jre\lib\jsse.jar;C:\Program Files\Java\jdk1.8.0_11\jre\lib\management-agent.jar;C:\Program Files\Java\jdk1.8.0_11\jre\lib\plugin.jar;C:\Program Files\Java\jdk1.8.0_11\jre\lib\resources.jar;C:\Program Files\Java\jdk1.8.0_11\jre\lib\rt.jar;C:\Program Files\Java\jdk1.8.0_11\jre\lib\ext\access-bridge.jar;C:\Program Files\Java\jdk1.8.0_11\jre\lib\ext\cldrdata.jar;C:\Program Files\Java\jdk1.8.0_11\jre\lib\ext\dnsns.jar;C:\Program Files\Java\jdk1.8.0_11\jre\lib\ext\jaccess.jar;C:\Program Files\Java\jdk1.8.0_11\jre\lib\ext\jfxrt.jar;C:\Program Files\Java\jdk1.8.0_11\jre\lib\ext\localedata.jar;C:\Program Files\Java\jdk1.8.0_11\jre\lib\ext\nashorn.jar;C:\Program Files\Java\jdk1.8.0_11\jre\lib\ext\sunec.jar;C:\Program Files\Java\jdk1.8.0_11\jre\lib\ext\sunjce_provider.jar;C:\Program Files\Java\jdk1.8.0_11\jre\lib\ext\sunmscapi.jar;C:\Program Files\Java\jdk1.8.0_11\jre\lib\ext\sunpkcs11.jar;C:\Program Files\Java\jdk1.8.0_11\jre\lib\ext\zipfs.jar;D:\__aa_projects\arise\build\classes;D:\__aa_projects\arise\libs\bluecove-2.1.0.jar;D:\__aa_projects\arise\libs\jaudiotagger-2.2.3.jar;D:\__aa_projects\arise\libs\jna-3.5.2.jar;D:\__aa_projects\arise\libs\platform-3.5.2.jar;D:\__aa_projects\arise\libs\vlcj-3.0.1.jar;C:\Program Files\JetBrains\IntelliJ IDEA Community Edition 14.1.7\lib\idea_rt.jar
Launcher Type: SUN_STANDARD

Environment Variables:
PATH=C:\Program Files\Common Files\Microsoft Shared\Windows Live;C:\Python27\;C:\Windows\system32;C:\Windows;C:\Windows\System32\Wbem;C:\Windows\System32\WindowsPowerShell\v1.0\;C:\Program Files\TortoiseSVN\bin;C:\Program Files\nodejs\;C:\Program Files\Windows Live\Shared;C:\Program Files\MySQL\MySQL Fabric 1.5 & MySQL Utilities 1.5\;C:\Program Files\MySQL\MySQL Fabric 1.5 & MySQL Utilities 1.5\Doctrine extensions for PHP\;C:\Program Files\gs\gs9.21\bin;C:\Program Files\gs\gs9.21\lib;C:\Users\Alexandru\AppData\Roaming\npm;C:\Program Files\Skype\Phone\;C:\Program Files\Git\cmd;C:\Users\Alexandru\AppData\Roaming\npm;
USERNAME=Alexandru
OS=Windows_NT
PROCESSOR_IDENTIFIER=x86 Family 6 Model 69 Stepping 1, GenuineIntel



---------------  S Y S T E M  ---------------

OS: Windows 7 Build 7601 Service Pack 1

CPU:total 4 (2 cores per cpu, 2 threads per core) family 6 model 69 stepping 1, cmov, cx8, fxsr, mmx, sse, sse2, sse3, ssse3, sse4.1, sse4.2, popcnt, avx, avx2, aes, clmul, erms, ht, tsc, tscinvbit

Memory: 4k page, physical 3302872k(917536k free), swap 6604028k(2376160k free)

vm_info: Java HotSpot(TM) Client VM (25.11-b03) for windows-x86 JRE (1.8.0_11-b12), built on Jun 16 2014 18:18:58 by "java_re" with MS VC++ 10.0 (VS2010)

time: Fri Jan 31 08:39:56 2020
elapsed time: 53 seconds

